Send POST https://api.jpush.cn/v3/push, body:{"platform":"all","audience":{"tag":["1"]},"notification":{"alert":"hello"},"options":{"sendno":94863,"apns_production":false}}, times:1
Send POST https://api.jpush.cn/v3/push, body:{"platform":"all","audience":{"tag":["1"]},"notification":{"alert":"hello"},"options":{"sendno":60933,"apns_production":false}}, times:1
Send POST https://api.jpush.cn/v3/push, body:{"platform":"all","audience":{"tag":["1"]},"notification":{"alert":"hello"},"options":{"sendno":44574,"apns_production":false}}, times:1
Send POST https://api.jpush.cn/v3/push, body:{"platform":"all","audience":{"tag":["1"]},"notification":{"alert":"hello"},"options":{"sendno":39976,"apns_production":false}}, times:1
Send POST https://api.jpush.cn/v3/push, body:{"platform":"all","audience":{"tag":["1"]},"notification":{"alert":"hello"},"options":{"sendno":35682,"apns_production":false}}, times:1
Send POST https://api.jpush.cn/v3/push, body:{"platform":"all","audience":{"tag":["1"]},"notification":{"alert":"hello"},"options":{"sendno":77093,"apns_production":false}}, times:1
Send POST https://api.jpush.cn/v3/push, body:{"platform":"all","audience":{"tag":["1"]},"notification":{"alert":"hello"},"options":{"sendno":87358,"apns_production":false}}, times:1
Send POST https://api.jpush.cn/v3/push, body:{"platform":"all","audience":{"tag":["1"]},"notification":{"alert":"hello"},"options":{"sendno":43333,"apns_production":false}}, times:1
Send POST https://api.jpush.cn/v3/push, body:{"platform":"all","audience":{"tag":["1"]},"notification":{"alert":"hello"},"message":{"msg_content":"\u6d4b\u8bd5\u6d4b\u8bd5\u6d4b\u8bd5\u7b56\u5212\u56db\u6d4b\u8bd5"},"options":{"sendno":61198,"apns_production":false}}, times:1
Send POST https://api.jpush.cn/v3/push, body:{"platform":"all","audience":{"tag":["1"]},"notification":{"alert":"hello"},"message":{"msg_content":"\u6d4b\u8bd5\u6d4b\u8bd5\u6d4b\u8bd5\u7b56\u5212\u56db\u6d4b\u8bd5"},"options":{"sendno":47162,"apns_production":false}}, times:1
Send POST https://api.jpush.cn/v3/push, body:{"platform":"all","audience":{"tag":["1"]},"message":{"msg_content":"\u6d4b\u8bd5\u6d4b\u8bd5\u6d4b\u8bd5\u7b56\u5212\u56db\u6d4b\u8bd5"},"options":{"sendno":81424,"apns_production":false}}, times:1
Send POST https://api.jpush.cn/v3/push, body:{"platform":"all","audience":{"tag":["1"]},"notification":{"alert":"hello"},"message":{"msg_content":"\u6d4b\u8bd5\u6d4b\u8bd5\u6d4b\u8bd5\u7b56\u5212\u56db\u6d4b\u8bd5"},"options":{"sendno":38563,"apns_production":false}}, times:1
Send POST https://api.jpush.cn/v3/push, body:{"platform":"all","audience":{"tag":["1"]},"notification":{"alert":"hello"},"message":{"msg_content":"\u6d4b\u8bd5\u6d4b\u8bd5\u6d4b\u8bd5\u7b56\u5212\u56db\u6d4b\u8bd5"},"options":{"sendno":92743,"apns_production":false}}, times:1
Send POST https://api.jpush.cn/v3/push, body:{"platform":"all","audience":{"tag":["1"]},"notification":{"alert":"hello"},"message":{"msg_content":"\u6d4b\u8bd5\u6d4b\u8bd5\u6d4b\u8bd5\u7b56\u5212\u56db\u6d4b\u8bd5"},"options":{"sendno":66274,"apns_production":false}}, times:1
Send POST https://api.jpush.cn/v3/push, body:"{\"platform\":\"all\",\"audience\":{\"tag\":[\"1\"]},\"notification\":{\"alert\":\"hello\"},\"message\":{\"msg_content\":\"\\u6d4b\\u8bd5\\u6d4b\\u8bd5\\u6d4b\\u8bd5\\u7b56\\u5212\\u56db\\u6d4b\\u8bd5\"},\"options\":{\"sendno\":35282,\"apns_production\":false}}", times:1
Send POST https://api.jpush.cn/v3/push, body:"{\"platform\":\"all\",\"audience\":{\"tag\":[\"1\"]},\"notification\":{\"alert\":\"hello\"},\"message\":{\"msg_content\":\"\\u6d4b\\u8bd5\\u6d4b\\u8bd5\\u6d4b\\u8bd5\\u7b56\\u5212\\u56db\\u6d4b\\u8bd5\"},\"options\":{\"sendno\":71610,\"apns_production\":false}}", times:1
Send POST https://api.jpush.cn/v3/push, body:"{\"platform\":\"all\",\"audience\":{\"tag\":[\"1\"]},\"notification\":{\"alert\":\"hello\"},\"message\":{\"msg_content\":\"\\u6d4b\\u8bd5\\u6d4b\\u8bd5\\u6d4b\\u8bd5\\u7b56\\u5212\\u56db\\u6d4b\\u8bd5\"},\"options\":{\"sendno\":78067,\"apns_production\":false}}", times:1
Send POST https://api.jpush.cn/v3/push, body:"{\"platform\":\"all\",\"audience\":\"all\",\"notification\":{\"alert\":\"Hello, JPush\"},\"options\":{\"sendno\":89588,\"apns_production\":false}}", times:1
Send POST https://api.jpush.cn/v3/push, body:"{\"platform\":\"all\",\"audience\":{\"tag\":[\"1\"]},\"notification\":{\"alert\":\"hello\"},\"message\":{\"msg_content\":\"\\u6d4b\\u8bd5\\u6d4b\\u8bd5\\u6d4b\\u8bd5\\u7b56\\u5212\\u56db\\u6d4b\\u8bd5\"},\"options\":{\"sendno\":43766,\"apns_production\":false}}", times:1
Send POST https://api.jpush.cn/v3/push, body:"{\"platform\":\"all\",\"audience\":{\"tag\":[\"1\"]},\"notification\":{\"alert\":\"hello\"},\"message\":{\"msg_content\":\"\\u6d4b\\u8bd5\\u6d4b\\u8bd5\\u6d4b\\u8bd5\\u7b56\\u5212\\u56db\\u6d4b\\u8bd5\"},\"options\":{\"sendno\":80023,\"apns_production\":false}}", times:1
Send POST https://api.jpush.cn/v3/push, body:"{\"platform\":\"all\",\"audience\":{\"tag\":[\"1\"]},\"notification\":{\"alert\":\"hello\"},\"message\":{\"msg_content\":\"\\u6d4b\\u8bd5\\u6d4b\\u8bd5\\u6d4b\\u8bd5\\u7b56\\u5212\\u56db\\u6d4b\\u8bd5\"},\"options\":{\"sendno\":83164,\"apns_production\":false}}", times:1
Send POST https://api.jpush.cn/v3/push, body:"{\"platform\":\"all\",\"audience\":{\"tag\":[\"1\"]},\"notification\":{\"alert\":\"hello\"},\"message\":{\"msg_content\":\"\\u6d4b\\u8bd5\\u6d4b\\u8bd5\\u6d4b\\u8bd5\\u7b56\\u5212\\u56db\\u6d4b\\u8bd5\"},\"options\":{\"sendno\":86248,\"apns_production\":false}}", times:1
Send POST https://api.jpush.cn/v3/push, body:"{\"platform\":\"all\",\"audience\":{\"tag\":[\"1\"]},\"notification\":{\"alert\":\"hello\"},\"message\":{\"msg_content\":\"\\u6d4b\\u8bd5\\u6d4b\\u8bd5\\u6d4b\\u8bd5\\u7b56\\u5212\\u56db\\u6d4b\\u8bd5\"},\"options\":{\"sendno\":78867,\"apns_production\":false}}", times:1
Send POST https://api.jpush.cn/v3/push, body:{"platform":"all","audience":{"tag":["1"]},"notification":{"alert":"hello"},"message":{"msg_content":"\u6d4b\u8bd5\u6d4b\u8bd5\u6d4b\u8bd5\u7b56\u5212\u56db\u6d4b\u8bd5"},"options":{"sendno":86465,"apns_production":false}}, times:1
Send POST https://api.jpush.cn/v3/push, body:{"platform":"all","audience":{"tag":["1"]},"notification":{"alert":"hello"},"message":{"msg_content":"\u6d4b\u8bd5\u6d4b\u8bd5\u6d4b\u8bd5\u7b56\u5212\u56db\u6d4b\u8bd5"},"options":{"sendno":75260,"apns_production":false}}, times:1
Send POST https://api.jpush.cn/v3/push, body:{"platform":"all","audience":{"tag":["1"]},"notification":{"alert":"hello"},"message":{"msg_content":"\u6d4b\u8bd5\u6d4b\u8bd5\u6d4b\u8bd5\u7b56\u5212\u56db\u6d4b\u8bd5"},"options":{"sendno":77786,"apns_production":false}}, times:1
Send POST https://api.jpush.cn/v3/push, body:{"platform":"all","audience":{"tag":["1"]},"notification":{"alert":"hello"},"message":{"msg_content":"\u6d4b\u8bd5\u6d4b\u8bd5\u6d4b\u8bd5\u7b56\u5212\u56db\u6d4b\u8bd5"},"options":{"sendno":93615,"apns_production":false}}, times:1
Send POST https://api.jpush.cn/v3/push, body:{"platform":"all","audience":{"tag":["1"]},"notification":{"alert":"hello"},"message":{"msg_content":"\u6d4b\u8bd5\u6d4b\u8bd5\u6d4b\u8bd5\u7b56\u5212\u56db\u6d4b\u8bd5"},"options":{"sendno":93039,"apns_production":false}}, times:1
Send POST https://api.jpush.cn/v3/push, body:{"platform":"all","audience":{"tag":["1"]},"notification":{"alert":"hello"},"message":{"msg_content":"\u6d4b\u8bd5\u6d4b\u8bd5\u6d4b\u8bd5\u7b56\u5212\u56db\u6d4b\u8bd5"},"options":{"sendno":81670,"apns_production":false}}, times:1
Send POST https://api.jpush.cn/v3/push, body:{"platform":"all","audience":{"tag":["1"]},"notification":{"alert":"hello"},"message":{"msg_content":"\u6d4b\u8bd5\u6d4b\u8bd5\u6d4b\u8bd5\u7b56\u5212\u56db\u6d4b\u8bd5"},"options":{"sendno":83112,"apns_production":false}}, times:1
Send POST https://api.jpush.cn/v3/push, body:{"platform":"all","audience":{"tag":["1"]},"notification":{"alert":"hello"},"message":{"msg_content":"\u6d4b\u8bd5\u6d4b\u8bd5\u6d4b\u8bd5\u7b56\u5212\u56db\u6d4b\u8bd5"},"options":{"sendno":64899,"apns_production":false}}, times:1
Send POST https://api.jpush.cn/v3/push, body:{"platform":"all","audience":{"tag":["1"]},"notification":{"alert":"hello"},"message":{"msg_content":"\u6d4b\u8bd5\u6d4b\u8bd5\u6d4b\u8bd5\u7b56\u5212\u56db\u6d4b\u8bd5"},"options":{"sendno":68229,"apns_production":false}}, times:1
Send POST https://api.jpush.cn/v3/push, body:{"platform":"all","audience":{"tag":["7"]},"notification":{"alert":"hello"},"message":{"msg_content":"\u6d4b\u8bd5\u6d4b\u8bd5\u6d4b\u8bd5\u7b56\u5212\u56db\u6d4b\u8bd5"},"options":{"sendno":96090,"apns_production":false}}, times:1
Send POST https://api.jpush.cn/v3/push, body:{"platform":"all","audience":{"tag":["7"]},"notification":{"alert":"hello"},"message":{"msg_content":"\u6d4b\u8bd5\u6d4b\u8bd5\u6d4b\u8bd5\u7b56\u5212\u56db\u6d4b\u8bd5"},"options":{"sendno":87520,"apns_production":false}}, times:1
Send POST https://api.jpush.cn/v3/push, body:{"platform":"all","audience":"all","notification":{"alert":"hello"},"message":{"msg_content":"\u6d4b\u8bd5\u6d4b\u8bd5\u6d4b\u8bd5\u7b56\u5212\u56db\u6d4b\u8bd5"},"options":{"sendno":70455,"apns_production":false}}, times:1
Send POST https://api.jpush.cn/v3/push, body:{"platform":"all","audience":"all","notification":{"alert":"hello"},"message":{"msg_content":"\u6d4b\u8bd5\u6d4b\u8bd5\u6d4b\u8bd5\u7b56\u5212\u56db\u6d4b\u8bd5"},"options":{"sendno":81368,"apns_production":false}}, times:1
Send POST https://api.jpush.cn/v3/push, body:{"platform":"all","audience":"all","notification":{"alert":"hello"},"message":{"msg_content":"\u6d4b\u8bd5\u6d4b\u8bd5\u6d4b\u8bd5\u7b56\u5212\u56db\u6d4b\u8bd5"},"options":{"sendno":77043,"apns_production":false}}, times:1
Send POST https://api.jpush.cn/v3/push, body:{"platform":"all","audience":{"alias":["7"]},"notification":{"alert":"hello"},"message":{"msg_content":"\u6d4b\u8bd5\u6d4b\u8bd5\u6d4b\u8bd5\u7b56\u5212\u56db\u6d4b\u8bd5"},"options":{"sendno":58930,"apns_production":false}}, times:1
Send POST https://api.jpush.cn/v3/push, body:{"platform":"all","audience":{"alias":["7"]},"notification":{"alert":"hello"},"message":{"msg_content":"\u6d4b\u8bd5\u6d4b\u8bd5\u6d4b\u8bd5\u7b56\u5212\u56db\u6d4b\u8bd5"},"options":{"sendno":59589,"apns_production":false}}, times:1
Send POST https://api.jpush.cn/v3/push, body:{"platform":"all","audience":{"alias":["7"]},"notification":{"alert":"hello"},"message":{"msg_content":"\u6d4b\u8bd5\u6d4b\u8bd5\u6d4b\u8bd5\u7b56\u5212\u56db\u6d4b\u8bd5"},"options":{"sendno":90331,"apns_production":false}}, times:1
